0 info it worked if it ends with ok
1 verbose cli [ 'C:\\Program Files\\nodejs\\node.exe',
1 verbose cli   'C:\\Users\\LEM\\AppData\\Roaming\\npm\\node_modules\\npm\\bin\\npm-cli.js',
1 verbose cli   'start' ]
2 info using npm@3.10.5
3 info using node@v4.4.7
4 verbose run-script [ 'prestart', 'start', 'poststart' ]
5 info lifecycle softbord@1.0.0~prestart: softbord@1.0.0
6 silly lifecycle softbord@1.0.0~prestart: no script for prestart, continuing
7 info lifecycle softbord@1.0.0~start: softbord@1.0.0
8 verbose lifecycle softbord@1.0.0~start: unsafe-perm in lifecycle true
9 verbose lifecycle softbord@1.0.0~start: PATH: C:\Users\LEM\AppData\Roaming\npm\node_modules\npm\bin\node-gyp-bin;C:\wamp\www\softbord\view\node_modules\.bin;C:\Program Files\nodejs;C:\Users\LEM\Desktop\cmder\bin;C:\Users\LEM\Desktop\cmder\vendor\conemu-maximus5\ConEmu\Scripts;C:\Users\LEM\Desktop\cmder\vendor\conemu-maximus5;C:\Users\LEM\Desktop\cmder\vendor\conemu-maximus5\ConEmu;C:\ProgramData\Oracle\Java\javapath;C:\Program Files (x86)\ActiveState Komodo Edit 7\;c:\Program Files (x86)\AMD APP\bin\x86_64;c:\Program Files (x86)\AMD APP\bin\x86;c:\Program Files (x86)\Intel\iCLS Client\;c:\Program Files\Intel\iCLS Client\;C:\WINDOWS\system32;C:\WINDOWS;C:\WINDOWS\System32\Wbem;C:\WINDOWS\System32\WindowsPowerShell\v1.0\;C:\Program Files\Intel\WiFi\bin\;C:\Program Files\Common Files\Intel\WirelessCommon\;c:\Program Files (x86)\ATI Technologies\ATI.ACE\Core-Static;C:\Program Files (x86)\QuickTime\QTSystem\;C:\Program Files (x86)\Common Files\Acronis\SnapAPI\;C:\Program Files (x86)\Brackets\command;C:\wamp\bin\php\php5.3.13;C:\ProgramData\ComposerSetup\bin;C:\wamp\bin\php\php5.5.12;C:\wamp\bin\mysql\mysql5.6.17\bin;C:\Program Files\Git\cmd;C:\Program Files\nodejs\;C:\Program Files (x86)\Windows Live\Shared;C:\Ruby22-x64\bin;C:\Users\LEM\AppData\Local\Programs\Python\Python36\Scripts\;C:\Users\LEM\AppData\Local\Programs\Python\Python36\;C:\Users\LEM\AppData\Roaming\Composer\vendor\bin;C:\Users\LEM\AppData\Roaming\npm;C:\Users\LEM\Desktop\cmder;C:\sdk\android\tools;C:\sdk\android\platform-tools;C:\Program Files\Java\folder\bin;C:\Program Files (x86)\Sublime Text 3;C:\Users\LEM\AppData\Local\Microsoft\WindowsApps;C:\Program Files\MongoDB\Server\3.2\bin\;C:\Program Files\Git\usr\bin;C:\Program Files\Git\usr\share\vim\vim74;C:\Users\LEM\Desktop\cmder\
10 verbose lifecycle softbord@1.0.0~start: CWD: C:\wamp\www\softbord\view
11 silly lifecycle softbord@1.0.0~start: Args: [ '/d /s /c', 'tsc && concurrently "tsc -w" "lite-server" ' ]
12 silly lifecycle softbord@1.0.0~start: Returned: code: 2  signal: null
13 info lifecycle softbord@1.0.0~start: Failed to exec start script
14 verbose stack Error: softbord@1.0.0 start: `tsc && concurrently "tsc -w" "lite-server" `
14 verbose stack Exit status 2
14 verbose stack     at EventEmitter.<anonymous> (C:\Users\LEM\AppData\Roaming\npm\node_modules\npm\lib\utils\lifecycle.js:242:16)
14 verbose stack     at emitTwo (events.js:87:13)
14 verbose stack     at EventEmitter.emit (events.js:172:7)
14 verbose stack     at ChildProcess.<anonymous> (C:\Users\LEM\AppData\Roaming\npm\node_modules\npm\lib\utils\spawn.js:40:14)
14 verbose stack     at emitTwo (events.js:87:13)
14 verbose stack     at ChildProcess.emit (events.js:172:7)
14 verbose stack     at maybeClose (internal/child_process.js:827:16)
14 verbose stack     at Process.ChildProcess._handle.onexit (internal/child_process.js:211:5)
15 verbose pkgid softbord@1.0.0
16 verbose cwd C:\wamp\www\softbord\view
17 error Windows_NT 10.0.14393
18 error argv "C:\\Program Files\\nodejs\\node.exe" "C:\\Users\\LEM\\AppData\\Roaming\\npm\\node_modules\\npm\\bin\\npm-cli.js" "start"
19 error node v4.4.7
20 error npm  v3.10.5
21 error code ELIFECYCLE
22 error softbord@1.0.0 start: `tsc && concurrently "tsc -w" "lite-server" `
22 error Exit status 2
23 error Failed at the softbord@1.0.0 start script 'tsc && concurrently "tsc -w" "lite-server" '.
23 error Make sure you have the latest version of node.js and npm installed.
23 error If you do, this is most likely a problem with the softbord package,
23 error not with npm itself.
23 error Tell the author that this fails on your system:
23 error     tsc && concurrently "tsc -w" "lite-server"
23 error You can get information on how to open an issue for this project with:
23 error     npm bugs softbord
23 error Or if that isn't available, you can get their info via:
23 error     npm owner ls softbord
23 error There is likely additional logging output above.
24 verbose exit [ 1, true ]
